2026-04-18 09:55:14.616 [main] DEBUG org.example.Main - localhost
2026-04-18 09:55:14.631 [main] DEBUG org.example.Main - 2222
2026-04-18 09:55:14.676 [main] DEBUG org.example.Main - App started via CLI
2026-04-18 09:55:18.390 [main] INFO  org.example.UdpClient - Package sent localhost/127.0.0.1:2222
2026-04-18 09:55:28.393 [main] WARN  org.example.cli.CLI - Exception:
org.example.exceptions.NetworkException: Timeout!
	at org.example.controllers.NetworkController.getCommandModel(NetworkController.java:57)
	at org.example.cli.CLI.handleRegularCommand(CLI.java:44)
	at org.example.cli.CLI.exec(CLI.java:121)
	at org.example.Main.main(Main.java:39)
2026-04-18 09:56:21.737 [main] INFO  org.example.UdpClient - Package sent localhost/127.0.0.1:2222
2026-04-18 09:56:31.746 [main] WARN  org.example.cli.CLI - Exception:
org.example.exceptions.NetworkException: Timeout!
	at org.example.controllers.NetworkController.getCommandModel(NetworkController.java:57)
	at org.example.cli.CLI.handleRegularCommand(CLI.java:44)
	at org.example.cli.CLI.exec(CLI.java:121)
	at org.example.Main.main(Main.java:39)
2026-04-18 09:57:14.392 [main] DEBUG org.example.Main - localhost
2026-04-18 09:57:14.393 [main] DEBUG org.example.Main - 2222
2026-04-18 09:57:14.429 [main] DEBUG org.example.Main - App started via CLI
2026-04-18 09:57:16.223 [main] INFO  org.example.UdpClient - Package sent localhost/127.0.0.1:2222
2026-04-18 09:57:26.224 [main] WARN  org.example.cli.CLI - Exception:
org.example.exceptions.NetworkException: Timeout!
	at org.example.controllers.NetworkController.getCommandModel(NetworkController.java:57)
	at org.example.cli.CLI.handleRegularCommand(CLI.java:44)
	at org.example.cli.CLI.exec(CLI.java:121)
	at org.example.Main.main(Main.java:39)
2026-04-18 09:57:35.566 [main] DEBUG org.example.Main - se.ifmo.ru
2026-04-18 09:57:35.567 [main] DEBUG org.example.Main - 51492
2026-04-18 09:57:35.626 [main] DEBUG org.example.Main - App started via CLI
2026-04-18 09:57:37.953 [main] INFO  org.example.UdpClient - Package sent se.ifmo.ru/77.234.196.4:51492
2026-04-18 09:57:47.955 [main] WARN  org.example.cli.CLI - Exception:
org.example.exceptions.NetworkException: Timeout!
	at org.example.controllers.NetworkController.getCommandModel(NetworkController.java:57)
	at org.example.cli.CLI.handleRegularCommand(CLI.java:44)
	at org.example.cli.CLI.exec(CLI.java:121)
	at org.example.Main.main(Main.java:39)
2026-04-18 09:58:14.660 [main] DEBUG org.example.Main - 194.87.68.237
2026-04-18 09:58:14.662 [main] DEBUG org.example.Main - 2222
2026-04-18 09:58:14.688 [main] DEBUG org.example.Main - App started via CLI
2026-04-18 09:58:16.526 [main] INFO  org.example.UdpClient - Package sent /194.87.68.237:2222
2026-04-18 09:58:16.657 [main] INFO  org.example.UdpClient - Package sent /194.87.68.237:2222
2026-04-18 14:16:51.962 [main] DEBUG org.example.Main - 194.87.68.237
2026-04-18 14:16:51.964 [main] DEBUG org.example.Main - 2222
2026-04-18 14:16:51.989 [main] DEBUG org.example.Main - App started via CLI
2026-04-18 14:17:27.810 [main] INFO  org.example.UdpClient - Package sent /194.87.68.237:2222
2026-04-18 14:17:27.959 [main] INFO  org.example.UdpClient - Package sent /194.87.68.237:2222
2026-04-18 15:13:00.109 [main] DEBUG org.example.Main - 194.87.68.237
2026-04-18 15:13:00.111 [main] DEBUG org.example.Main - 2222
2026-04-18 15:13:00.143 [main] DEBUG org.example.Main - App started via CLI
2026-04-18 15:35:43.263 [main] DEBUG org.example.Main - 194.87.68.237
2026-04-18 15:35:43.265 [main] DEBUG org.example.Main - 2222
2026-04-18 15:35:43.298 [main] DEBUG org.example.Main - App started via CLI
2026-04-18 15:37:59.073 [main] DEBUG org.example.Main - 194.87.68.237
2026-04-18 15:37:59.075 [main] DEBUG org.example.Main - 2222
2026-04-18 15:37:59.098 [main] DEBUG org.example.Main - App started via CLI
2026-04-18 15:38:03.121 [main] WARN  org.example.cli.CLI - Exception:
org.example.exceptions.NetworkException: Cannot invoke "java.lang.Integer.intValue()" because the return value of "org.example.command.fields.Field.getValue()" is null
	at org.example.controllers.NetworkController.handle(NetworkController.java:39)
	at org.example.cli.CLI.handleRegularCommand(CLI.java:50)
	at org.example.cli.CLI.exec(CLI.java:121)
	at org.example.Main.main(Main.java:39)
2026-04-18 15:40:49.022 [main] DEBUG org.example.Main - 194.87.68.237
2026-04-18 15:40:49.024 [main] DEBUG org.example.Main - 2222
2026-04-18 15:40:49.048 [main] DEBUG org.example.Main - App started via CLI
2026-04-18 15:40:51.455 [main] WARN  org.example.cli.CLI - Exception:
org.example.exceptions.NetworkException: Cannot invoke "org.example.command.fields.IntField.getValue()" because the return value of "org.example.command.fields.Field.getValue()" is null
	at org.example.controllers.NetworkController.handle(NetworkController.java:39)
	at org.example.cli.CLI.handleRegularCommand(CLI.java:50)
	at org.example.cli.CLI.exec(CLI.java:121)
	at org.example.Main.main(Main.java:39)
2026-04-18 15:40:53.521 [main] WARN  org.example.cli.CLI - Exception:
org.example.exceptions.NetworkException: class java.lang.Integer cannot be cast to class org.example.command.fields.IntField (java.lang.Integer is in module java.base of loader 'bootstrap'; org.example.command.fields.IntField is in unnamed module of loader 'app')
	at org.example.controllers.NetworkController.handle(NetworkController.java:39)
	at org.example.cli.CLI.handleRegularCommand(CLI.java:50)
	at org.example.cli.CLI.exec(CLI.java:121)
	at org.example.Main.main(Main.java:39)
2026-04-18 15:43:07.404 [main] DEBUG org.example.Main - 194.87.68.237
2026-04-18 15:43:07.405 [main] DEBUG org.example.Main - 2222
2026-04-18 15:43:07.432 [main] DEBUG org.example.Main - App started via CLI
2026-04-18 15:43:10.489 [main] WARN  org.example.cli.CLI - Exception:
org.example.exceptions.NetworkException: class java.lang.Integer cannot be cast to class org.example.command.fields.IntField (java.lang.Integer is in module java.base of loader 'bootstrap'; org.example.command.fields.IntField is in unnamed module of loader 'app')
	at org.example.controllers.NetworkController.handle(NetworkController.java:39)
	at org.example.cli.CLI.handleRegularCommand(CLI.java:50)
	at org.example.cli.CLI.exec(CLI.java:121)
	at org.example.Main.main(Main.java:39)
2026-04-18 15:44:15.600 [main] DEBUG org.example.Main - 194.87.68.237
2026-04-18 15:44:15.602 [main] DEBUG org.example.Main - 2222
2026-04-18 15:44:15.629 [main] DEBUG org.example.Main - App started via CLI
2026-04-18 15:45:25.824 [main] DEBUG org.example.Main - 194.87.68.237
2026-04-18 15:45:25.827 [main] DEBUG org.example.Main - 2222
2026-04-18 15:45:25.856 [main] DEBUG org.example.Main - App started via CLI
